<?xml version="1.0" encoding="UTF-8"?>
<!-- Generated by org.testng.reporters.JUnitXMLReporter -->
<testsuite hostname="DESKTOP-N770I1M" ignored="0" name="Transfer Amount" tests="1" failures="1" timestamp="21 Jul 2020 09:23:47 GMT" time="6.457" errors="0">
  <testcase name="transferAmount" time="6.376" classname="com.maveric.testcases.TransferAmount">
    <failure type="java.lang.AssertionError" message="expected [Transfer Complete!] but found [Transfer Funds]">
      <![CDATA[java.lang.AssertionError: expected [Transfer Complete!] but found [Transfer Funds]
	at com.maveric.testcases.TransferAmount.transferAmount(TransferAmount.java:28)
... Removed 31 stack frames]]>
    </failure>
  </testcase> <!-- transferAmount -->
</testsuite> <!-- Transfer Amount -->
