<?xml version="1.0" encoding="UTF-8"?>
<testng-results skipped="0" failed="1" ignored="0" total="4" passed="3">
  <reporter-output>
    <line>
      <![CDATA[Registration done successfully]]>
    </line>
    <line>
      <![CDATA[Checking Account created]]>
    </line>
    <line>
      <![CDATA[Successfully captured transaction details]]>
    </line>
  </reporter-output>
  <suite name="Suite" duration-ms="29566" started-at="2020-07-21T09:23:26Z" finished-at="2020-07-21T09:23:55Z">
    <groups>
    </groups>
    <test name="ParaBankRegistration" duration-ms="7601" started-at="2020-07-21T09:23:26Z" finished-at="2020-07-21T09:23:33Z">
      <class name="com.maveric.testcases.ParaBankRegistration">
        <test-method status="PASS" signature="registerinsideParaBank(java.lang.String, java.lang.String, java.lang.String, java.lang.String, java.lang.String, java.lang.String, java.lang.String, java.lang.String, java.lang.String, java.lang.String, java.lang.String)[pri:0, instance:com.maveric.testcases.ParaBankRegistration@732d0d24]" name="registerinsideParaBank" duration-ms="7469" started-at="2020-07-21T14:53:26Z" data-provider="dp" finished-at="2020-07-21T14:53:33Z">
          <params>
            <param index="0">
              <value>
                <![CDATA[ramesh]]>
              </value>
            </param>
            <param index="1">
              <value>
                <![CDATA[ragavan]]>
              </value>
            </param>
            <param index="2">
              <value>
                <![CDATA[sdf]]>
              </value>
            </param>
            <param index="3">
              <value>
                <![CDATA[gfgf]]>
              </value>
            </param>
            <param index="4">
              <value>
                <![CDATA[wew]]>
              </value>
            </param>
            <param index="5">
              <value>
                <![CDATA[23423]]>
              </value>
            </param>
            <param index="6">
              <value>
                <![CDATA[3242342]]>
              </value>
            </param>
            <param index="7">
              <value>
                <![CDATA[2342]]>
              </value>
            </param>
            <param index="8">
              <value>
                <![CDATA[lazy1995]]>
              </value>
            </param>
            <param index="9">
              <value>
                <![CDATA[lazy1995]]>
              </value>
            </param>
            <param index="10">
              <value>
                <![CDATA[lazy1995]]>
              </value>
            </param>
          </params>
          <reporter-output>
            <line>
              <![CDATA[Registration done successfully]]>
            </line>
          </reporter-output>
        </test-method> <!-- registerinsideParaBank -->
      </class> <!-- com.maveric.testcases.ParaBankRegistration -->
    </test> <!-- ParaBankRegistration -->
    <test name="CreateCheckingAccount" duration-ms="7451" started-at="2020-07-21T09:23:33Z" finished-at="2020-07-21T09:23:41Z">
      <class name="com.maveric.testcases.CreateCheckingAccount">
        <test-method status="PASS" signature="createCheckingAccount(java.lang.String, java.lang.String)[pri:0, instance:com.maveric.testcases.CreateCheckingAccount@48793bef]" name="createCheckingAccount" duration-ms="7447" started-at="2020-07-21T14:53:33Z" data-provider="dp" finished-at="2020-07-21T14:53:41Z">
          <params>
            <param index="0">
              <value>
                <![CDATA[lazy1995]]>
              </value>
            </param>
            <param index="1">
              <value>
                <![CDATA[lazy1995]]>
              </value>
            </param>
          </params>
          <reporter-output>
            <line>
              <![CDATA[Checking Account created]]>
            </line>
          </reporter-output>
        </test-method> <!-- createCheckingAccount -->
      </class> <!-- com.maveric.testcases.CreateCheckingAccount -->
    </test> <!-- CreateCheckingAccount -->
    <test name="Transfer Amount" duration-ms="6457" started-at="2020-07-21T09:23:41Z" finished-at="2020-07-21T09:23:47Z">
      <class name="com.maveric.testcases.TransferAmount">
        <test-method status="FAIL" signature="transferAmount()[pri:0, instance:com.maveric.testcases.TransferAmount@7fcf2fc1]" name="transferAmount" duration-ms="6376" started-at="2020-07-21T14:53:41Z" finished-at="2020-07-21T14:53:47Z">
          <exception class="java.lang.AssertionError">
            <message>
              <![CDATA[expected [Transfer Complete!] but found [Transfer Funds]]]>
            </message>
            <full-stacktrace>
              <![CDATA[java.lang.AssertionError: expected [Transfer Complete!] but found [Transfer Funds]
	at org.testng.Assert.fail(Assert.java:93)
	at org.testng.Assert.failNotEquals(Assert.java:512)
	at org.testng.Assert.assertEqualsImpl(Assert.java:134)
	at org.testng.Assert.assertEquals(Assert.java:115)
	at org.testng.Assert.assertEquals(Assert.java:189)
	at org.testng.Assert.assertEquals(Assert.java:199)
	at com.maveric.testcases.TransferAmount.transferAmount(TransferAmount.java:28)
	at sun.reflect.NativeMethodAccessorImpl.invoke0(Native Method)
	at sun.reflect.NativeMethodAccessorImpl.invoke(Unknown Source)
	at sun.reflect.DelegatingMethodAccessorImpl.invoke(Unknown Source)
	at java.lang.reflect.Method.invoke(Unknown Source)
	at org.testng.internal.MethodInvocationHelper.invokeMethod(MethodInvocationHelper.java:108)
	at org.testng.internal.Invoker.invokeMethod(Invoker.java:661)
	at org.testng.internal.Invoker.invokeTestMethod(Invoker.java:869)
	at org.testng.internal.Invoker.invokeTestMethods(Invoker.java:1193)
	at org.testng.internal.TestMethodWorker.invokeTestMethods(TestMethodWorker.java:126)
	at org.testng.internal.TestMethodWorker.run(TestMethodWorker.java:109)
	at org.testng.TestRunner.privateRun(TestRunner.java:744)
	at org.testng.TestRunner.run(TestRunner.java:602)
	at org.testng.SuiteRunner.runTest(SuiteRunner.java:380)
	at org.testng.SuiteRunner.runSequentially(SuiteRunner.java:375)
	at org.testng.SuiteRunner.privateRun(SuiteRunner.java:340)
	at org.testng.SuiteRunner.run(SuiteRunner.java:289)
	at org.testng.SuiteRunnerWorker.runSuite(SuiteRunnerWorker.java:52)
	at org.testng.SuiteRunnerWorker.run(SuiteRunnerWorker.java:86)
	at org.testng.TestNG.runSuitesSequentially(TestNG.java:1301)
	at org.testng.TestNG.runSuitesLocally(TestNG.java:1226)
	at org.testng.TestNG.runSuites(TestNG.java:1144)
	at org.testng.TestNG.run(TestNG.java:1115)
	at org.testng.remote.AbstractRemoteTestNG.run(AbstractRemoteTestNG.java:115)
	at org.testng.remote.RemoteTestNG.initAndRun(RemoteTestNG.java:251)
	at org.testng.remote.RemoteTestNG.main(RemoteTestNG.java:77)
]]>
            </full-stacktrace>
          </exception> <!-- java.lang.AssertionError -->
          <reporter-output>
          </reporter-output>
        </test-method> <!-- transferAmount -->
      </class> <!-- com.maveric.testcases.TransferAmount -->
    </test> <!-- Transfer Amount -->
    <test name="Transaction Details" duration-ms="7922" started-at="2020-07-21T09:23:47Z" finished-at="2020-07-21T09:23:55Z">
      <class name="com.maveric.testcases.TransactionDetails">
        <test-method status="PASS" signature="setUp()[pri:0, instance:com.maveric.testcases.TransactionDetails@6d07a63d]" name="setUp" is-config="true" duration-ms="12663" started-at="2020-07-21T14:53:13Z" finished-at="2020-07-21T14:53:26Z">
          <reporter-output>
          </reporter-output>
        </test-method> <!-- setUp -->
        <test-method status="PASS" signature="transactionDetails()[pri:0, instance:com.maveric.testcases.TransactionDetails@6d07a63d]" name="transactionDetails" duration-ms="7920" started-at="2020-07-21T14:53:47Z" finished-at="2020-07-21T14:53:55Z">
          <reporter-output>
            <line>
              <![CDATA[Successfully captured transaction details]]>
            </line>
          </reporter-output>
        </test-method> <!-- transactionDetails -->
      </class> <!-- com.maveric.testcases.TransactionDetails -->
    </test> <!-- Transaction Details -->
  </suite> <!-- Suite -->
</testng-results>
